<?xml version="1.0" encoding="UTF-8"?>
<testsuite xmlns:xsi="http://www.w3.org/2001/XMLSchema-instance" xsi:noNamespaceSchemaLocation="https://maven.apache.org/surefire/maven-surefire-plugin/xsd/surefire-test-report.xsd" version="3.0.2" name="com.tasktracker.TaskSchedulerSpringBoot.TaskSchedulerSpringBootApplicationTests" time="10.366" tests="1" errors="0" skipped="0" failures="0">
  <properties>
[...]
</properties>
  <testcase name="contextLoads" classname="com.tasktracker.TaskSchedulerSpringBoot.TaskSchedulerSpringBootApplicationTests" time="1.429">
    <system-out><![CDATA[16:41:43.524 [main] INFO org.springframework.test.context.support.AnnotationConfigContextLoaderUtils -- Could not detect default configuration classes for test class [com.tasktracker.TaskSchedulerSpringBoot.TaskSchedulerSpringBootApplicationTests]: TaskSchedulerSpringBootApplicationTests does not declare any static, non-private, non-final, nested classes annotated with @Configuration.
16:41:43.776 [main] INFO org.springframework.boot.test.context.SpringBootTestContextBootstrapper -- Found @SpringBootConfiguration com.tasktracker.TaskSchedulerSpringBoot.TaskSchedulerSpringBootApplication for test class com.tasktracker.TaskSchedulerSpringBoot.TaskSchedulerSpringBootApplicationTests

  .   ____          _            __ _ _
 /\\ / ___'_ __ _ _(_)_ __  __ _ \ \ \ \
( ( )\___ | '_ | '_| | '_ \/ _` | \ \ \ \
 \\/  ___)| |_)| | | | | || (_| |  ) ) ) )
  '  |____| .__|_| |_|_| |_\__, | / / / /
 =========|_|==============|___/=/_/_/_/

 :: Spring Boot ::                (v3.5.0)

2025-06-05T16:41:45.294+05:30  INFO 3700 --- [TaskSchedulerSpringBoot] [           main] .TaskSchedulerSpringBootApplicationTests : Starting TaskSchedulerSpringBootApplicationTests using Java 17.0.12 with PID 3700 (started by lenovo in J:\2025Goals\TaskSchedulerSpringBoot)
2025-06-05T16:41:45.300+05:30  INFO 3700 --- [TaskSchedulerSpringBoot] [           main] .TaskSchedulerSpringBootApplicationTests : No active profile set, falling back to 1 default profile: "default"
2025-06-05T16:41:47.086+05:30  INFO 3700 --- [TaskSchedulerSpringBoot] [           main] .s.d.r.c.RepositoryConfigurationDelegate : Bootstrapping Spring Data JPA repositories in DEFAULT mode.
2025-06-05T16:41:47.149+05:30  INFO 3700 --- [TaskSchedulerSpringBoot] [           main] .s.d.r.c.RepositoryConfigurationDelegate : Finished Spring Data repository scanning in 27 ms. Found 0 JPA repository interfaces.
2025-06-05T16:41:48.214+05:30  INFO 3700 --- [TaskSchedulerSpringBoot] [           main] o.hibernate.jpa.internal.util.LogHelper  : HHH000204: Processing PersistenceUnitInfo [name: default]
2025-06-05T16:41:48.385+05:30  INFO 3700 --- [TaskSchedulerSpringBoot] [           main] org.hibernate.Version                    : HHH000412: Hibernate ORM core version 6.6.15.Final
2025-06-05T16:41:48.510+05:30  INFO 3700 --- [TaskSchedulerSpringBoot] [           main] o.h.c.internal.RegionFactoryInitiator    : HHH000026: Second-level cache disabled
2025-06-05T16:41:49.419+05:30  INFO 3700 --- [TaskSchedulerSpringBoot] [           main] o.s.o.j.p.SpringPersistenceUnitInfo      : No LoadTimeWeaver setup: ignoring JPA class transformer
2025-06-05T16:41:49.510+05:30  INFO 3700 --- [TaskSchedulerSpringBoot] [           main] com.zaxxer.hikari.HikariDataSource       : HikariPool-1 - Starting...
2025-06-05T16:41:50.120+05:30  INFO 3700 --- [TaskSchedulerSpringBoot] [           main] com.zaxxer.hikari.pool.HikariPool        : HikariPool-1 - Added connection org.postgresql.jdbc.PgConnection@50778bde
2025-06-05T16:41:50.123+05:30  INFO 3700 --- [TaskSchedulerSpringBoot] [           main] com.zaxxer.hikari.HikariDataSource       : HikariPool-1 - Start completed.
2025-06-05T16:41:50.241+05:30  WARN 3700 --- [TaskSchedulerSpringBoot] [           main] org.hibernate.orm.deprecation            : HHH90000025: PostgreSQLDialect does not need to be specified explicitly using 'hibernate.dialect' (remove the property setting and it will be selected by default)
2025-06-05T16:41:50.280+05:30  INFO 3700 --- [TaskSchedulerSpringBoot] [           main] org.hibernate.orm.connections.pooling    : HHH10001005: Database info:
	Database JDBC URL [Connecting through datasource 'HikariDataSource (HikariPool-1)']
	Database driver: undefined/unknown
	Database version: 17.4
	Autocommit mode: undefined/unknown
	Isolation level: undefined/unknown
	Minimum pool size: undefined/unknown
	Maximum pool size: undefined/unknown
2025-06-05T16:41:50.960+05:30  INFO 3700 --- [TaskSchedulerSpringBoot] [           main] o.h.e.t.j.p.i.JtaPlatformInitiator       : HHH000489: No JTA platform available (set 'hibernate.transaction.jta.platform' to enable JTA platform integration)
2025-06-05T16:41:50.970+05:30  INFO 3700 --- [TaskSchedulerSpringBoot] [           main] j.LocalContainerEntityManagerFactoryBean : Initialized JPA EntityManagerFactory for persistence unit 'default'
2025-06-05T16:41:51.178+05:30  WARN 3700 --- [TaskSchedulerSpringBoot] [           main] JpaBaseConfiguration$JpaWebConfiguration : spring.jpa.open-in-view is enabled by default. Therefore, database queries may be performed during view rendering. Explicitly configure spring.jpa.open-in-view to disable this warning
2025-06-05T16:41:52.124+05:30  INFO 3700 --- [TaskSchedulerSpringBoot] [           main] .TaskSchedulerSpringBootApplicationTests : Started TaskSchedulerSpringBootApplicationTests in 7.764 seconds (process running for 9.934)
]]></system-out>
  </testcase>
</testsuite>